This is XeTeX, Version 3.14159265-2.6-0.99999 (MiKTeX 2.9.6630 64-bit) (preloaded format=xelatex 2018.4.18)  9 JUN 2018 19:10
entering extended mode
**"E:/ACADEMICS/PEC---/ME 4 SEM/thesis/latex/abstract.tex"
("E:/ACADEMICS/PEC---/ME 4 SEM/thesis/latex/abstract.tex"
LaTeX2e <2018-04-01> patch level 2
Babel <3.18> and hyphenation patterns for 75 language(s) loaded.
)
*
! Emergency stop.
<*> .../PEC---/ME 4 SEM/thesis/latex/abstract.tex"
                                                  
End of file on the terminal!

 
Here is how much of TeX's memory you used:
 6 strings out of 427799
 178 string characters out of 3147465
 62885 words of memory out of 3000000
 4099 multiletter control sequences out of 15000+200000
 3640 words of font info for 14 fonts, out of 3000000 for 9000
 1328 hyphenation exceptions out of 8191
 5i,0n,1p,243b,8s stack positions out of 5000i,500n,10000p,200000b,50000s
No pages of output.
