\BOOKMARK [0][-]{section*.1}{Acknowledgement}{}% 1
\BOOKMARK [0][-]{section*.2}{List\040of\040Figures}{}% 2
\BOOKMARK [0][-]{section*.3}{List\040of\040Tables}{}% 3
\BOOKMARK [0][-]{section*.4}{List\040of\040Symbols}{}% 4
\BOOKMARK [0][-]{chapter.1}{Introduction}{}% 5
\BOOKMARK [1][-]{section.1.1}{Background}{chapter.1}% 6
\BOOKMARK [1][-]{section.1.2}{Methodology}{chapter.1}% 7
\BOOKMARK [1][-]{section.1.3}{Related\040Work}{chapter.1}% 8
\BOOKMARK [1][-]{section.1.4}{Scope}{chapter.1}% 9
\BOOKMARK [0][-]{chapter.2}{Recommender\040System}{}% 10
\BOOKMARK [1][-]{section.2.1}{Collaborative\040Filtering}{chapter.2}% 11
\BOOKMARK [1][-]{section.2.2}{Similarity\040Calculation\040and\040Prediction\040Generation}{chapter.2}% 12
\BOOKMARK [1][-]{section.2.3}{Content\040Based\040Filtering}{chapter.2}% 13
\BOOKMARK [1][-]{section.2.4}{Demographic\040Filtering}{chapter.2}% 14
\BOOKMARK [1][-]{section.2.5}{Other\040recommendations\040techniques}{chapter.2}% 15
\BOOKMARK [1][-]{section.2.6}{Hybrid\040Recommender\040Systems}{chapter.2}% 16
\BOOKMARK [1][-]{section.2.7}{Implementation\040Challenges\040in\040Recommender\040Systems}{chapter.2}% 17
\BOOKMARK [0][-]{chapter.3}{Multi-Armed\040Bandit\040Algorithms}{}% 18
\BOOKMARK [0][-]{chapter.4}{Privacy-Preserving\040Aspects}{}% 19
\BOOKMARK [1][-]{section.4.1}{General\040Aspects\040of\040Personal\040Integrity}{chapter.4}% 20
\BOOKMARK [0][-]{chapter.5}{Methodology}{}% 21
\BOOKMARK [0][-]{chapter.6}{Results}{}% 22
\BOOKMARK [0][-]{chapter.7}{Discussion}{}% 23
\BOOKMARK [0][-]{chapter.8}{Conclusion\040and\040Future\040Work}{}% 24
\BOOKMARK [0][-]{chapter*.9}{Bibliography}{}% 25
\BOOKMARK [0][-]{chapter*.9}{Bibliography}{}% 26
